date :  03/03/2024 00:08:15
file :  ../data/auto93.csv
repeats : 20
seed :  1234567891
rows :  398
cols :  8
#base #bonr9 #rand9 #bonr15 #rand15 #bonr20 #rand20 #rand358 
best :  0.17
tiny :  0.06
#
 0,              rand358,  0.17,  0.00, *                   |                   ,  0.17,  0.93
#
 1,               bonr15,  0.31,  0.09,     ---*-           |                   ,  0.17,  0.93
#
 2,               rand20,  0.31,  0.10,     ---*--          |                   ,  0.17,  0.93
 2,               rand15,  0.32,  0.04,       -*            |                   ,  0.17,  0.93
 2,               bonr15,  0.33,  0.11,     ----*-          |                   ,  0.17,  0.93
 2,                bonr9,  0.35,  0.11,      ----*-         |                   ,  0.17,  0.93
 2,                rand9,  0.36,  0.09,       ----*         |                   ,  0.17,  0.93
#
 3,                 base,  0.55,  0.20,              -------*---                ,  0.17,  0.93
